[2020-11-17 18:48:43,165]-[util.py]-[INFO]:[打开浏览器，输入网址完毕！]
[2020-11-17 18:48:45,768]-[util.py]-[INFO]:[登录完成！]
[2020-11-17 18:48:46,153]-[util.py]-[INFO]:[断言成功！]
[2020-11-17 18:48:46,235]-[util.py]-[INFO]:[点击确认按钮！]
[2020-11-17 18:48:48,602]-[util.py]-[INFO]:[登录完成！]
[2020-11-17 18:48:48,663]-[util.py]-[INFO]:[断言成功！]
[2020-11-17 18:48:48,734]-[util.py]-[INFO]:[点击确认按钮！]
[2020-11-17 18:48:51,043]-[util.py]-[INFO]:[登录完成！]
[2020-11-17 18:48:51,096]-[util.py]-[INFO]:[断言成功！]
[2020-11-17 18:48:51,158]-[util.py]-[INFO]:[点击确认按钮！]
[2020-11-17 18:48:53,491]-[util.py]-[INFO]:[登录完成！]
[2020-11-17 18:48:53,529]-[util.py]-[INFO]:[断言成功！]
[2020-11-17 18:48:53,593]-[util.py]-[INFO]:[点击确认按钮！]
[2020-11-17 18:48:55,909]-[util.py]-[INFO]:[登录完成！]
[2020-11-17 18:48:55,957]-[util.py]-[INFO]:[断言成功！]
[2020-11-17 18:48:56,023]-[util.py]-[INFO]:[点击确认按钮！]
[2020-11-17 18:48:58,339]-[util.py]-[INFO]:[登录完成！]
[2020-11-17 18:48:58,368]-[util.py]-[INFO]:[断言成功！]
[2020-11-17 18:48:58,433]-[util.py]-[INFO]:[点击确认按钮！]
[2020-11-17 18:49:00,796]-[util.py]-[INFO]:[登录完毕！]
[2020-11-17 18:49:01,916]-[util.py]-[INFO]:[断言成功！]
[2020-11-17 18:49:02,021]-[util.py]-[INFO]:[退出成功！]
[2020-11-17 18:49:06,682]-[util.py]-[INFO]:[登录完毕！]
[2020-11-17 18:49:06,734]-[util.py]-[INFO]:[断言成功！]
[2020-11-17 18:49:06,835]-[util.py]-[INFO]:[退出成功！]
[2020-11-17 18:49:10,790]-[util.py]-[INFO]:[登录完毕！]
[2020-11-17 18:49:10,845]-[util.py]-[INFO]:[断言成功！]
[2020-11-17 18:49:10,931]-[util.py]-[INFO]:[退出成功！]
[2020-11-17 18:49:15,038]-[util.py]-[INFO]:[登录完毕！]
[2020-11-17 18:49:15,099]-[util.py]-[INFO]:[断言成功！]
[2020-11-17 18:49:15,177]-[util.py]-[INFO]:[退出成功！]
[2020-11-17 18:49:18,343]-[util.py]-[INFO]:[登录完毕！]
[2020-11-17 18:49:18,406]-[util.py]-[INFO]:[断言成功！]
[2020-11-17 18:49:18,487]-[util.py]-[INFO]:[退出成功！]
[2020-11-17 18:49:21,647]-[util.py]-[INFO]:[登录完毕！]
[2020-11-17 18:49:21,697]-[util.py]-[INFO]:[断言成功！]
[2020-11-17 18:49:21,785]-[util.py]-[INFO]:[退出成功！]
[2020-11-18 11:31:08,587]-[util.py]-[INFO]:[打开浏览器，输入网址完毕！]
[2020-11-18 11:31:11,322]-[util.py]-[INFO]:[登录完成！]
[2020-11-18 11:31:11,393]-[util.py]-[INFO]:[断言成功！]
[2020-11-18 11:31:11,463]-[util.py]-[INFO]:[点击确认按钮！]
[2020-11-18 11:31:13,893]-[util.py]-[INFO]:[登录完成！]
[2020-11-18 11:31:13,942]-[util.py]-[INFO]:[断言成功！]
[2020-11-18 11:31:14,006]-[util.py]-[INFO]:[点击确认按钮！]
[2020-11-18 11:31:16,410]-[util.py]-[INFO]:[登录完成！]
[2020-11-18 11:31:16,454]-[util.py]-[INFO]:[断言成功！]
[2020-11-18 11:31:16,523]-[util.py]-[INFO]:[点击确认按钮！]
[2020-11-18 11:31:18,999]-[util.py]-[INFO]:[登录完成！]
[2020-11-18 11:31:19,037]-[util.py]-[INFO]:[断言成功！]
[2020-11-18 11:31:19,107]-[util.py]-[INFO]:[点击确认按钮！]
[2020-11-18 11:31:21,604]-[util.py]-[INFO]:[登录完成！]
[2020-11-18 11:31:21,661]-[util.py]-[INFO]:[断言成功！]
[2020-11-18 11:31:21,729]-[util.py]-[INFO]:[点击确认按钮！]
[2020-11-18 11:31:24,091]-[util.py]-[INFO]:[登录完成！]
[2020-11-18 11:31:24,150]-[util.py]-[INFO]:[断言成功！]
[2020-11-18 11:31:24,217]-[util.py]-[INFO]:[点击确认按钮！]
[2020-11-18 11:31:26,665]-[util.py]-[INFO]:[登录完毕！]
[2020-11-18 11:31:28,519]-[util.py]-[INFO]:[断言成功！]
[2020-11-18 11:31:28,605]-[util.py]-[INFO]:[退出成功！]
[2020-11-18 11:31:38,757]-[util.py]-[INFO]:[退出成功！]
[2020-11-18 11:31:48,872]-[util.py]-[INFO]:[退出成功！]
[2020-11-18 11:31:58,951]-[util.py]-[INFO]:[退出成功！]
[2020-11-18 11:32:09,045]-[util.py]-[INFO]:[退出成功！]
[2020-11-18 11:32:19,145]-[util.py]-[INFO]:[退出成功！]
[2020-11-21 14:40:39,321]-[util.py]-[INFO]:[打开浏览器，输入网址完毕！]
[2020-11-21 14:40:41,876]-[util.py]-[INFO]:[登录完成！]
[2020-11-21 14:40:41,934]-[util.py]-[INFO]:[断言成功！]
[2020-11-21 14:40:42,001]-[util.py]-[INFO]:[点击确认按钮！]
[2020-11-21 14:40:44,349]-[util.py]-[INFO]:[登录完成！]
[2020-11-21 14:40:44,379]-[util.py]-[INFO]:[断言成功！]
[2020-11-21 14:40:44,448]-[util.py]-[INFO]:[点击确认按钮！]
[2020-11-21 14:40:46,801]-[util.py]-[INFO]:[登录完成！]
[2020-11-21 14:40:46,831]-[util.py]-[INFO]:[断言成功！]
[2020-11-21 14:40:46,899]-[util.py]-[INFO]:[点击确认按钮！]
[2020-11-21 14:40:49,266]-[util.py]-[INFO]:[登录完成！]
[2020-11-21 14:40:49,303]-[util.py]-[INFO]:[断言成功！]
[2020-11-21 14:40:49,375]-[util.py]-[INFO]:[点击确认按钮！]
[2020-11-21 14:40:51,784]-[util.py]-[INFO]:[登录完成！]
[2020-11-21 14:40:51,816]-[util.py]-[INFO]:[断言成功！]
[2020-11-21 14:40:51,880]-[util.py]-[INFO]:[点击确认按钮！]
[2020-11-21 14:40:54,212]-[util.py]-[INFO]:[登录完成！]
[2020-11-21 14:40:54,242]-[util.py]-[INFO]:[断言成功！]
[2020-11-21 14:40:54,306]-[util.py]-[INFO]:[点击确认按钮！]
[2020-11-21 14:40:56,676]-[util.py]-[INFO]:[登录完毕！]
[2020-11-21 14:40:59,405]-[util.py]-[INFO]:[断言成功！]
[2020-11-21 14:40:59,571]-[util.py]-[INFO]:[退出成功！]
[2020-11-21 14:42:18,108]-[util.py]-[INFO]:[登录完毕！]
[2020-11-21 14:42:18,149]-[util.py]-[INFO]:[断言成功！]
[2020-11-21 14:42:18,248]-[util.py]-[INFO]:[退出成功！]
[2020-11-21 14:42:26,375]-[util.py]-[INFO]:[登录完毕！]
[2020-11-21 14:42:26,409]-[util.py]-[INFO]:[断言成功！]
[2020-11-21 14:42:26,490]-[util.py]-[INFO]:[退出成功！]
[2020-11-21 14:42:29,498]-[util.py]-[INFO]:[登录完毕！]
[2020-11-21 14:42:29,533]-[util.py]-[INFO]:[断言成功！]
[2020-11-21 14:42:29,650]-[util.py]-[INFO]:[退出成功！]
[2020-11-21 14:42:32,679]-[util.py]-[INFO]:[登录完毕！]
[2020-11-21 14:42:32,740]-[util.py]-[INFO]:[断言成功！]
[2020-11-21 14:42:32,828]-[util.py]-[INFO]:[退出成功！]
[2020-11-21 14:42:40,448]-[util.py]-[INFO]:[登录完毕！]
[2020-11-21 14:42:40,482]-[util.py]-[INFO]:[断言成功！]
[2020-11-21 14:42:40,567]-[util.py]-[INFO]:[退出成功！]
[2020-11-21 14:54:15,372]-[util.py]-[INFO]:[打开浏览器，输入网址完毕！]
[2020-11-21 14:54:17,763]-[util.py]-[INFO]:[登录完成！]
[2020-11-21 14:54:17,801]-[util.py]-[INFO]:[断言成功！]
[2020-11-21 14:54:17,865]-[util.py]-[INFO]:[点击确认按钮！]
[2020-11-21 14:54:20,227]-[util.py]-[INFO]:[登录完成！]
[2020-11-21 14:54:20,256]-[util.py]-[INFO]:[断言成功！]
[2020-11-21 14:54:20,324]-[util.py]-[INFO]:[点击确认按钮！]
[2020-11-21 14:54:22,665]-[util.py]-[INFO]:[登录完成！]
[2020-11-21 14:54:22,694]-[util.py]-[INFO]:[断言成功！]
[2020-11-21 14:54:22,760]-[util.py]-[INFO]:[点击确认按钮！]
[2020-11-21 14:54:25,119]-[util.py]-[INFO]:[登录完成！]
[2020-11-21 14:54:25,156]-[util.py]-[INFO]:[断言成功！]
[2020-11-21 14:54:25,218]-[util.py]-[INFO]:[点击确认按钮！]
[2020-11-21 14:54:27,689]-[util.py]-[INFO]:[登录完成！]
[2020-11-21 14:54:27,724]-[util.py]-[INFO]:[断言成功！]
[2020-11-21 14:54:27,801]-[util.py]-[INFO]:[点击确认按钮！]
[2020-11-21 14:54:30,179]-[util.py]-[INFO]:[登录完成！]
[2020-11-21 14:54:30,210]-[util.py]-[INFO]:[断言成功！]
[2020-11-21 14:54:30,275]-[util.py]-[INFO]:[点击确认按钮！]
[2020-11-21 14:54:32,620]-[util.py]-[INFO]:[登录完毕！]
[2020-11-21 14:54:32,689]-[util.py]-[INFO]:[断言成功！]
[2020-11-21 14:54:32,889]-[util.py]-[INFO]:[退出成功！]
[2020-11-21 14:54:37,915]-[util.py]-[INFO]:[登录完毕！]
[2020-11-21 14:54:37,949]-[util.py]-[INFO]:[断言成功！]
[2020-11-21 14:54:38,031]-[util.py]-[INFO]:[退出成功！]
[2020-11-21 14:54:41,044]-[util.py]-[INFO]:[登录完毕！]
[2020-11-21 14:54:41,080]-[util.py]-[INFO]:[断言成功！]
[2020-11-21 14:54:41,160]-[util.py]-[INFO]:[退出成功！]
[2020-11-21 14:54:44,207]-[util.py]-[INFO]:[登录完毕！]
[2020-11-21 14:54:44,241]-[util.py]-[INFO]:[断言成功！]
[2020-11-21 14:54:44,319]-[util.py]-[INFO]:[退出成功！]
[2020-11-21 14:55:16,169]-[util.py]-[INFO]:[登录完毕！]
[2020-11-21 14:55:16,208]-[util.py]-[INFO]:[断言成功！]
[2020-11-21 14:55:16,300]-[util.py]-[INFO]:[退出成功！]
[2020-11-21 14:55:20,151]-[util.py]-[INFO]:[登录完毕！]
[2020-11-21 14:55:20,185]-[util.py]-[INFO]:[断言成功！]
[2020-11-21 14:55:20,269]-[util.py]-[INFO]:[退出成功！]
[2020-11-21 18:06:05,554]-[util.py]-[INFO]:[打开浏览器，输入网址完毕！]
[2020-11-21 18:06:07,916]-[util.py]-[INFO]:[登录完成！]
[2020-11-21 18:06:07,954]-[util.py]-[INFO]:[断言成功！]
[2020-11-21 18:06:08,023]-[util.py]-[INFO]:[点击确认按钮！]
[2020-11-21 18:06:10,398]-[util.py]-[INFO]:[登录完成！]
[2020-11-21 18:06:10,430]-[util.py]-[INFO]:[断言成功！]
[2020-11-21 18:06:10,503]-[util.py]-[INFO]:[点击确认按钮！]
[2020-11-21 18:06:12,861]-[util.py]-[INFO]:[登录完成！]
[2020-11-21 18:06:12,890]-[util.py]-[INFO]:[断言成功！]
[2020-11-21 18:06:12,958]-[util.py]-[INFO]:[点击确认按钮！]
[2020-11-21 18:06:15,314]-[util.py]-[INFO]:[登录完成！]
[2020-11-21 18:06:15,352]-[util.py]-[INFO]:[断言成功！]
[2020-11-21 18:06:15,416]-[util.py]-[INFO]:[点击确认按钮！]
[2020-11-21 18:06:17,824]-[util.py]-[INFO]:[登录完成！]
[2020-11-21 18:06:17,858]-[util.py]-[INFO]:[断言成功！]
[2020-11-21 18:06:17,931]-[util.py]-[INFO]:[点击确认按钮！]
[2020-11-21 18:06:20,264]-[util.py]-[INFO]:[登录完成！]
[2020-11-21 18:06:20,295]-[util.py]-[INFO]:[断言成功！]
[2020-11-21 18:06:20,360]-[util.py]-[INFO]:[点击确认按钮！]
[2020-11-21 18:06:22,742]-[util.py]-[INFO]:[登录完毕！]
[2020-11-21 18:06:22,826]-[util.py]-[INFO]:[断言成功！]
[2020-11-21 18:06:23,047]-[util.py]-[INFO]:[退出成功！]
[2020-11-21 18:06:27,408]-[util.py]-[INFO]:[登录完毕！]
[2020-11-21 18:06:27,442]-[util.py]-[INFO]:[断言成功！]
[2020-11-21 18:06:27,523]-[util.py]-[INFO]:[退出成功！]
[2020-11-21 18:06:36,457]-[util.py]-[INFO]:[登录完毕！]
[2020-11-21 18:06:36,492]-[util.py]-[INFO]:[断言成功！]
[2020-11-21 18:06:36,572]-[util.py]-[INFO]:[退出成功！]
[2020-11-21 18:06:40,337]-[util.py]-[INFO]:[登录完毕！]
[2020-11-21 18:06:40,372]-[util.py]-[INFO]:[断言成功！]
[2020-11-21 18:06:40,459]-[util.py]-[INFO]:[退出成功！]
[2020-11-21 18:07:03,048]-[util.py]-[INFO]:[登录完毕！]
[2020-11-21 18:07:03,088]-[util.py]-[INFO]:[断言成功！]
[2020-11-21 18:07:03,206]-[util.py]-[INFO]:[退出成功！]
[2020-11-21 18:07:06,266]-[util.py]-[INFO]:[登录完毕！]
[2020-11-21 18:07:06,304]-[util.py]-[INFO]:[断言成功！]
[2020-11-21 18:07:06,405]-[util.py]-[INFO]:[退出成功！]
