[2020-11-21 15:48:08,368]-[util.py]-[INFO]:[登录完毕！]
[2020-11-21 15:48:14,211]-[util.py]-[INFO]:[添加用户完毕！]
[2020-11-21 15:48:17,687]-[util.py]-[INFO]:[断言完毕！]
[2020-11-21 15:48:18,062]-[util.py]-[INFO]:[添加下一个用户！]
[2020-11-21 15:48:20,429]-[util.py]-[INFO]:[添加用户完毕！]
[2020-11-21 15:48:23,533]-[util.py]-[INFO]:[断言完毕！]
[2020-11-21 15:48:23,853]-[util.py]-[INFO]:[添加下一个用户！]
[2020-11-21 15:48:26,090]-[util.py]-[INFO]:[添加用户完毕！]
[2020-11-21 15:48:29,174]-[util.py]-[INFO]:[断言完毕！]
[2020-11-21 15:48:29,503]-[util.py]-[INFO]:[添加下一个用户！]
[2020-11-21 15:48:31,801]-[util.py]-[INFO]:[添加用户完毕！]
[2020-11-21 15:48:34,938]-[util.py]-[INFO]:[断言完毕！]
[2020-11-21 15:48:35,270]-[util.py]-[INFO]:[添加下一个用户！]
[2020-11-21 15:48:37,628]-[util.py]-[INFO]:[添加用户完毕！]
[2020-11-21 15:48:40,710]-[util.py]-[INFO]:[断言完毕！]
[2020-11-21 15:48:41,031]-[util.py]-[INFO]:[添加下一个用户！]
[2020-11-21 15:48:43,499]-[util.py]-[INFO]:[添加用户完毕！]
[2020-11-21 15:48:46,622]-[util.py]-[INFO]:[断言完毕！]
[2020-11-21 15:48:46,937]-[util.py]-[INFO]:[添加下一个用户！]
[2020-11-21 15:48:49,263]-[util.py]-[INFO]:[添加用户完毕！]
[2020-11-21 15:48:52,373]-[util.py]-[INFO]:[断言完毕！]
[2020-11-21 15:48:52,688]-[util.py]-[INFO]:[添加下一个用户！]
[2020-11-21 15:48:52,727]-[util.py]-[INFO]:[执行完毕！]
[2020-11-21 18:04:53,441]-[util.py]-[INFO]:[登录完毕！]
[2020-11-21 18:04:59,042]-[util.py]-[INFO]:[添加用户完毕！]
[2020-11-21 18:21:57,044]-[util.py]-[INFO]:[登录完毕！]
[2020-11-21 18:22:02,804]-[util.py]-[INFO]:[添加用户完毕！]
[2020-11-27 22:23:50,315]-[util.py]-[INFO]:[登录完毕！]
[2020-11-27 22:23:59,586]-[util.py]-[INFO]:[添加用户完毕！]
[2020-11-27 22:24:02,998]-[util.py]-[INFO]:[断言完毕！]
[2020-11-27 22:24:03,358]-[util.py]-[INFO]:[添加下一个用户！]
[2020-11-27 22:24:05,799]-[util.py]-[INFO]:[添加用户完毕！]
[2020-11-27 22:24:08,978]-[util.py]-[INFO]:[断言完毕！]
[2020-11-27 22:24:09,328]-[util.py]-[INFO]:[添加下一个用户！]
[2020-11-27 22:24:11,781]-[util.py]-[INFO]:[添加用户完毕！]
[2020-11-27 22:24:14,891]-[util.py]-[INFO]:[断言完毕！]
[2020-11-27 22:24:15,234]-[util.py]-[INFO]:[添加下一个用户！]
[2020-11-27 22:24:17,683]-[util.py]-[INFO]:[添加用户完毕！]
[2020-11-27 22:24:19,926]-[util.py]-[INFO]:[添加下一个用户！]
[2020-11-27 22:24:22,639]-[util.py]-[INFO]:[添加用户完毕！]
[2020-11-27 22:24:24,860]-[util.py]-[INFO]:[添加下一个用户！]
[2020-11-27 22:24:27,287]-[util.py]-[INFO]:[添加用户完毕！]
[2020-11-27 22:24:29,491]-[util.py]-[INFO]:[添加下一个用户！]
[2020-11-27 22:24:31,930]-[util.py]-[INFO]:[添加用户完毕！]
[2020-11-27 22:24:34,125]-[util.py]-[INFO]:[添加下一个用户！]
[2020-11-27 22:24:34,571]-[util.py]-[INFO]:[执行完毕！]
[2020-11-27 22:31:36,934]-[util.py]-[INFO]:[登录完毕！]
[2020-11-27 22:31:43,642]-[util.py]-[INFO]:[添加用户完毕！]
[2020-11-27 22:31:47,075]-[util.py]-[INFO]:[断言完毕！]
[2020-11-27 22:31:47,455]-[util.py]-[INFO]:[添加下一个用户！]
[2020-11-27 22:31:49,964]-[util.py]-[INFO]:[添加用户完毕！]
[2020-11-27 22:31:53,284]-[util.py]-[INFO]:[断言完毕！]
[2020-11-27 22:31:53,655]-[util.py]-[INFO]:[添加下一个用户！]
[2020-11-27 22:31:56,071]-[util.py]-[INFO]:[添加用户完毕！]
[2020-11-27 22:31:59,176]-[util.py]-[INFO]:[断言完毕！]
[2020-11-27 22:31:59,535]-[util.py]-[INFO]:[添加下一个用户！]
[2020-11-27 22:32:01,909]-[util.py]-[INFO]:[添加用户完毕！]
[2020-11-27 22:32:04,180]-[util.py]-[INFO]:[添加下一个用户！]
[2020-11-27 22:32:06,952]-[util.py]-[INFO]:[添加用户完毕！]
[2020-11-27 22:32:09,137]-[util.py]-[INFO]:[添加下一个用户！]
[2020-11-27 22:32:11,577]-[util.py]-[INFO]:[添加用户完毕！]
[2020-11-27 22:32:13,804]-[util.py]-[INFO]:[添加下一个用户！]
[2020-11-27 22:32:16,190]-[util.py]-[INFO]:[添加用户完毕！]
[2020-11-27 22:32:18,384]-[util.py]-[INFO]:[添加下一个用户！]
[2020-11-27 22:32:18,600]-[util.py]-[INFO]:[执行完毕！]
[2020-11-27 22:38:42,700]-[util.py]-[INFO]:[登录完毕！]
[2020-11-27 22:38:50,069]-[util.py]-[INFO]:[添加用户完毕！]
[2020-11-27 22:38:53,224]-[util.py]-[INFO]:[断言完毕！]
[2020-11-27 22:38:53,621]-[util.py]-[INFO]:[添加下一个用户！]
[2020-11-27 22:38:55,867]-[util.py]-[INFO]:[添加用户完毕！]
[2020-11-27 22:38:56,862]-[util.py]-[INFO]:[添加下一个用户！]
[2020-11-27 22:38:59,606]-[util.py]-[INFO]:[添加用户完毕！]
[2020-11-27 22:39:02,736]-[util.py]-[INFO]:[断言完毕！]
[2020-11-27 22:39:03,123]-[util.py]-[INFO]:[添加下一个用户！]
[2020-11-27 22:39:05,491]-[util.py]-[INFO]:[添加用户完毕！]
[2020-11-27 22:39:07,719]-[util.py]-[INFO]:[添加下一个用户！]
[2020-11-27 22:39:10,234]-[util.py]-[INFO]:[添加用户完毕！]
[2020-11-27 22:39:12,440]-[util.py]-[INFO]:[添加下一个用户！]
[2020-11-27 22:39:14,915]-[util.py]-[INFO]:[添加用户完毕！]
[2020-11-27 22:39:17,137]-[util.py]-[INFO]:[添加下一个用户！]
[2020-11-27 22:39:19,682]-[util.py]-[INFO]:[添加用户完毕！]
[2020-11-27 22:39:21,869]-[util.py]-[INFO]:[添加下一个用户！]
[2020-11-27 22:39:21,980]-[util.py]-[INFO]:[执行完毕！]
